CRITICAL - 2025-03-25 14:58:35 --> Error: Class "Locale" not found
[Method: GET, Route: /]
in SYSTEMPATH/CodeIgniter.php on line 189.
 1 SYSTEMPATH/Boot.php(321): CodeIgniter\CodeIgniter->initialize()
 2 SYSTEMPATH/Boot.php(101): CodeIgniter\Boot::initializeCodeIgniter()
 3 ROOTPATH/spark(84): CodeIgniter\Boot::bootSpark()
CRITICAL - 2025-03-25 14:58:35 --> ErrorException: Uncaught Error: Class "Locale" not found in /home/dine/Dev/appdb/vendor/codeigniter4/framework/system/I18n/TimeTrait.php:76
Stack trace:
#0 /home/dine/Dev/appdb/vendor/codeigniter4/framework/system/I18n/TimeTrait.php(117): CodeIgniter\I18n\Time->__construct()
#1 /home/dine/Dev/appdb/vendor/codeigniter4/framework/system/HTTP/ResponseTrait.php(398): CodeIgniter\I18n\Time::now()
#2 /home/dine/Dev/appdb/vendor/codeigniter4/framework/system/HTTP/ResponseTrait.php(376): CodeIgniter\HTTP\Response->sendHeaders()
#3 /home/dine/Dev/appdb/vendor/codeigniter4/framework/system/Debug/ExceptionHandler.php(85): CodeIgniter\HTTP\Response->send()
#4 /home/dine/Dev/appdb/vendor/codeigniter4/framework/system/Debug/Exceptions.php(162): CodeIgniter\Debug\ExceptionHandler->handle()
#5 [internal function]: CodeIgniter\Debug\Exceptions->exceptionHandler()
#6 {main}
  thrown
【Previous Exception】
Error
Class "Locale" not found
#0 /home/dine/Dev/appdb/vendor/codeigniter4/framework/system/Boot.php(321): CodeIgniter\CodeIgniter->initialize()
#1 /home/dine/Dev/appdb/vendor/codeigniter4/framework/system/Boot.php(101): CodeIgniter\Boot::initializeCodeIgniter()
#2 /home/dine/Dev/appdb/spark(84): CodeIgniter\Boot::bootSpark()
#3 {main}
[Method: GET, Route: /]
in SYSTEMPATH/I18n/TimeTrait.php on line 76.
 1 [internal function]: CodeIgniter\Debug\Exceptions->shutdownHandler()
